02-07-2021 22:08	: Edito restaurante
02-07-2021 22:08	 : Agregar usuario ludwin
02-07-2021 22:36	: Edito restaurante
02-07-2021 22:36	 : Agregar usuario asd
02-07-2021 22:41	: Edito restaurante
02-07-2021 22:42	 : Agregar usuario admin
02-07-2021 22:44	: Edito restaurante
02-07-2021 22:45	 : Agregar usuario asd
02-07-2021 22:50	: Edito restaurante
02-07-2021 22:50	 : Agregar usuario asd
02-07-2021 22:54	: Edito restaurante
02-07-2021 22:54	 : Agregar usuario qwe
02-07-2021 22:56	: Edito restaurante
02-07-2021 22:56	 : Agregar usuario 12
02-07-2021 22:58	: Edito restaurante
02-07-2021 22:58	 : Agregar usuario 213
02-07-2021 23:02	: Edito restaurante
02-07-2021 23:02	 : Agregar usuario qwe
02-07-2021 23:10	: Edito restaurante
02-07-2021 23:10	 : Agregar usuario qew
02-07-2021 23:12	: Edito restaurante
02-07-2021 23:12	 : Agregar usuario sad
02-07-2021 23:13	: Edito restaurante
02-07-2021 23:13	 : Agregar usuario weq
02-07-2021 23:14	: Edito restaurante
02-07-2021 23:15	: Elimino el usuario +weq
02-07-2021 23:31	: Edito restaurante
02-07-2021 23:31	 : Agregar usuario asd
